[04:34:48.527] [INFO] storybook v10.2.19
[04:34:49.644] [DEBUG] Getting package.json info for /Users/sahil/Documents/projects/sahil24-lab/ssh-tech-lander/package.json...
[04:34:50.613] [INFO] Starting...
[04:34:50.634] [WARN] unable to find package.json for @fontsource/montserrat
[04:34:51.061] [DEBUG] Starting preview..
[04:34:51.099] [INFO] Addon-docs: using MDX3
[04:34:51.124] [INFO] Using implicit CSS loaders
[04:34:51.286] [INFO] Using SWC as compiler
[04:34:51.310] [INFO] Using default Webpack5 setup
[04:34:51.940] [DEBUG] Using tsconfig paths for react-docgen
[04:34:58.713] [ERROR] Failed to build the preview
[04:34:58.716] [WARN] Force closed preview build
[04:34:58.717] [ERROR] [38;2;241;97;97mSB_BUILDER-WEBPACK5_0003 (WebpackCompilationError): There were problems when compiling your code with Webpack.
Run Storybook with --debug-webpack for more information.[39m
    at starter (file://./node_modules/@storybook/builder-webpack5/dist/index.js:799:11)
    at starter.next (<anonymous>)
    at Module.start (file://./node_modules/@storybook/builder-webpack5/dist/index.js:857:34)
    at process.processTicksAndRejections (node:internal/process/task_queues:105:5)
    at async storybookDevServer (file://./node_modules/storybook/dist/core-server/index.js:7295:83)
    at async buildOrThrow (file://./node_modules/storybook/dist/core-server/index.js:4506:12)
    at async buildDevStandalone (file://./node_modules/storybook/dist/core-server/index.js:7710:41)
    at async withTelemetry (file://./node_modules/storybook/dist/_node-chunks/chunk-FJZ625UU.js:218:12)
    at async dev (file://./node_modules/storybook/dist/bin/core.js:2734:3)
    at async _Command.<anonymous> (file://./node_modules/storybook/dist/bin/core.js:2804:92)
[04:34:58.725] [WARN] Broken build, fix the error above.
You may need to refresh the browser.